e:\base\dev\git\soft64-bryan\source\compareengine.mupen\mupen64plus-core\projects\visualstudio2013\debug\vc120.pdb
e:\base\dev\git\soft64-bryan\source\compareengine.mupen\mupen64plus-core\projects\visualstudio2013\debug\vc120.idb
e:\base\dev\git\soft64-bryan\source\compareengine.mupen\mupen64plus-core\projects\visualstudio2013\debug\gspecial.obj
e:\base\dev\git\soft64-bryan\source\compareengine.mupen\mupen64plus-core\projects\visualstudio2013\debug\gtlb.obj
e:\base\dev\git\soft64-bryan\source\compareengine.mupen\mupen64plus-core\projects\visualstudio2013\debug\regcache.obj
e:\base\dev\git\soft64-bryan\source\compareengine.mupen\mupen64plus-core\projects\visualstudio2013\debug\rjump.obj
e:\base\dev\git\soft64-bryan\source\compareengine.mupen\mupen64plus-core\projects\visualstudio2013\debug\fb.obj
e:\base\dev\git\soft64-bryan\source\compareengine.mupen\mupen64plus-core\projects\visualstudio2013\debug\rdp_core.obj
e:\base\dev\git\soft64-bryan\source\compareengine.mupen\mupen64plus-core\projects\visualstudio2013\debug\rdram.obj
e:\base\dev\git\soft64-bryan\source\compareengine.mupen\mupen64plus-core\projects\visualstudio2013\debug\rdram_detection_hack.obj
e:\base\dev\git\soft64-bryan\source\compareengine.mupen\mupen64plus-core\projects\visualstudio2013\debug\ri_controller.obj
e:\base\dev\git\soft64-bryan\source\compareengine.mupen\mupen64plus-core\projects\visualstudio2013\debug\rsp_core.obj
e:\base\dev\git\soft64-bryan\source\compareengine.mupen\mupen64plus-core\projects\visualstudio2013\debug\af_rtc.obj
e:\base\dev\git\soft64-bryan\source\compareengine.mupen\mupen64plus-core\projects\visualstudio2013\debug\cic.obj
e:\base\dev\git\soft64-bryan\source\compareengine.mupen\mupen64plus-core\projects\visualstudio2013\debug\eeprom.obj
e:\base\dev\git\soft64-bryan\source\compareengine.mupen\mupen64plus-core\projects\visualstudio2013\debug\game_controller.obj
e:\base\dev\git\soft64-bryan\source\compareengine.mupen\mupen64plus-core\projects\visualstudio2013\debug\mempak.obj
e:\base\dev\git\soft64-bryan\source\compareengine.mupen\mupen64plus-core\projects\visualstudio2013\debug\n64_cic_nus_6105.obj
e:\base\dev\git\soft64-bryan\source\compareengine.mupen\mupen64plus-core\projects\visualstudio2013\debug\pif.obj
e:\base\dev\git\soft64-bryan\source\compareengine.mupen\mupen64plus-core\projects\visualstudio2013\debug\rumblepak.obj
e:\base\dev\git\soft64-bryan\source\compareengine.mupen\mupen64plus-core\projects\visualstudio2013\debug\si_controller.obj
e:\base\dev\git\soft64-bryan\source\compareengine.mupen\mupen64plus-core\projects\visualstudio2013\debug\vi_controller.obj
e:\base\dev\git\soft64-bryan\source\compareengine.mupen\mupen64plus-core\projects\visualstudio2013\debug\exception.obj
e:\base\dev\git\soft64-bryan\source\compareengine.mupen\mupen64plus-core\projects\visualstudio2013\debug\instr_counters.obj
e:\base\dev\git\soft64-bryan\source\compareengine.mupen\mupen64plus-core\projects\visualstudio2013\debug\interupt.obj
e:\base\dev\git\soft64-bryan\source\compareengine.mupen\mupen64plus-core\projects\visualstudio2013\debug\mi_controller.obj
e:\base\dev\git\soft64-bryan\source\compareengine.mupen\mupen64plus-core\projects\visualstudio2013\debug\pure_interp.obj
e:\base\dev\git\soft64-bryan\source\compareengine.mupen\mupen64plus-core\projects\visualstudio2013\debug\r4300.obj
e:\base\dev\git\soft64-bryan\source\compareengine.mupen\mupen64plus-core\projects\visualstudio2013\debug\r4300_core.obj
e:\base\dev\git\soft64-bryan\source\compareengine.mupen\mupen64plus-core\projects\visualstudio2013\debug\recomp.obj
e:\base\dev\git\soft64-bryan\source\compareengine.mupen\mupen64plus-core\projects\visualstudio2013\debug\reset.obj
e:\base\dev\git\soft64-bryan\source\compareengine.mupen\mupen64plus-core\projects\visualstudio2013\debug\tlb.obj
e:\base\dev\git\soft64-bryan\source\compareengine.mupen\mupen64plus-core\projects\visualstudio2013\debug\assemble.obj
e:\base\dev\git\soft64-bryan\source\compareengine.mupen\mupen64plus-core\projects\visualstudio2013\debug\gbc.obj
e:\base\dev\git\soft64-bryan\source\compareengine.mupen\mupen64plus-core\projects\visualstudio2013\debug\gcop0.obj
e:\base\dev\git\soft64-bryan\source\compareengine.mupen\mupen64plus-core\projects\visualstudio2013\debug\gcop1.obj
e:\base\dev\git\soft64-bryan\source\compareengine.mupen\mupen64plus-core\projects\visualstudio2013\debug\gcop1_d.obj
e:\base\dev\git\soft64-bryan\source\compareengine.mupen\mupen64plus-core\projects\visualstudio2013\debug\gcop1_l.obj
e:\base\dev\git\soft64-bryan\source\compareengine.mupen\mupen64plus-core\projects\visualstudio2013\debug\gcop1_s.obj
e:\base\dev\git\soft64-bryan\source\compareengine.mupen\mupen64plus-core\projects\visualstudio2013\debug\gcop1_w.obj
e:\base\dev\git\soft64-bryan\source\compareengine.mupen\mupen64plus-core\projects\visualstudio2013\debug\gr4300.obj
e:\base\dev\git\soft64-bryan\source\compareengine.mupen\mupen64plus-core\projects\visualstudio2013\debug\gregimm.obj
e:\base\dev\git\soft64-bryan\source\compareengine.mupen\mupen64plus-core\projects\visualstudio2013\debug\zip.obj
e:\base\dev\git\soft64-bryan\source\compareengine.mupen\mupen64plus-core\projects\visualstudio2013\debug\memory.obj
e:\base\dev\git\soft64-bryan\source\compareengine.mupen\mupen64plus-core\projects\visualstudio2013\debug\dynamiclib_win32.obj
e:\base\dev\git\soft64-bryan\source\compareengine.mupen\mupen64plus-core\projects\visualstudio2013\debug\files_win32.obj
e:\base\dev\git\soft64-bryan\source\compareengine.mupen\mupen64plus-core\projects\visualstudio2013\debug\cart_rom.obj
e:\base\dev\git\soft64-bryan\source\compareengine.mupen\mupen64plus-core\projects\visualstudio2013\debug\flashram.obj
e:\base\dev\git\soft64-bryan\source\compareengine.mupen\mupen64plus-core\projects\visualstudio2013\debug\pi_controller.obj
e:\base\dev\git\soft64-bryan\source\compareengine.mupen\mupen64plus-core\projects\visualstudio2013\debug\sram.obj
e:\base\dev\git\soft64-bryan\source\compareengine.mupen\mupen64plus-core\projects\visualstudio2013\debug\dummy_audio.obj
e:\base\dev\git\soft64-bryan\source\compareengine.mupen\mupen64plus-core\projects\visualstudio2013\debug\dummy_input.obj
e:\base\dev\git\soft64-bryan\source\compareengine.mupen\mupen64plus-core\projects\visualstudio2013\debug\dummy_rsp.obj
e:\base\dev\git\soft64-bryan\source\compareengine.mupen\mupen64plus-core\projects\visualstudio2013\debug\dummy_video.obj
e:\base\dev\git\soft64-bryan\source\compareengine.mupen\mupen64plus-core\projects\visualstudio2013\debug\emulate_game_controller_via_input_plugin.obj
e:\base\dev\git\soft64-bryan\source\compareengine.mupen\mupen64plus-core\projects\visualstudio2013\debug\emulate_speaker_via_audio_plugin.obj
e:\base\dev\git\soft64-bryan\source\compareengine.mupen\mupen64plus-core\projects\visualstudio2013\debug\get_time_using_c_localtime.obj
e:\base\dev\git\soft64-bryan\source\compareengine.mupen\mupen64plus-core\projects\visualstudio2013\debug\plugin.obj
e:\base\dev\git\soft64-bryan\source\compareengine.mupen\mupen64plus-core\projects\visualstudio2013\debug\rumble_via_input_plugin.obj
e:\base\dev\git\soft64-bryan\source\compareengine.mupen\mupen64plus-core\projects\visualstudio2013\debug\cached_interp.obj
e:\base\dev\git\soft64-bryan\source\compareengine.mupen\mupen64plus-core\projects\visualstudio2013\debug\cp0.obj
e:\base\dev\git\soft64-bryan\source\compareengine.mupen\mupen64plus-core\projects\visualstudio2013\debug\cp1.obj
e:\base\dev\git\soft64-bryan\source\compareengine.mupen\mupen64plus-core\projects\visualstudio2013\debug\common.obj
e:\base\dev\git\soft64-bryan\source\compareengine.mupen\mupen64plus-core\projects\visualstudio2013\debug\config.obj
e:\base\dev\git\soft64-bryan\source\compareengine.mupen\mupen64plus-core\projects\visualstudio2013\debug\debugger.obj
e:\base\dev\git\soft64-bryan\source\compareengine.mupen\mupen64plus-core\projects\visualstudio2013\debug\frontend.obj
e:\base\dev\git\soft64-bryan\source\compareengine.mupen\mupen64plus-core\projects\visualstudio2013\debug\dbg_breakpoints.obj
e:\base\dev\git\soft64-bryan\source\compareengine.mupen\mupen64plus-core\projects\visualstudio2013\debug\dbg_debugger.obj
e:\base\dev\git\soft64-bryan\source\compareengine.mupen\mupen64plus-core\projects\visualstudio2013\debug\dbg_decoder.obj
e:\base\dev\git\soft64-bryan\source\compareengine.mupen\mupen64plus-core\projects\visualstudio2013\debug\dbg_memory.obj
e:\base\dev\git\soft64-bryan\source\compareengine.mupen\mupen64plus-core\projects\visualstudio2013\debug\eep_file.obj
e:\base\dev\git\soft64-bryan\source\compareengine.mupen\mupen64plus-core\projects\visualstudio2013\debug\fla_file.obj
e:\base\dev\git\soft64-bryan\source\compareengine.mupen\mupen64plus-core\projects\visualstudio2013\debug\lirc.obj
e:\base\dev\git\soft64-bryan\source\compareengine.mupen\mupen64plus-core\projects\visualstudio2013\debug\main.obj
e:\base\dev\git\soft64-bryan\source\compareengine.mupen\mupen64plus-core\projects\visualstudio2013\debug\md5.obj
e:\base\dev\git\soft64-bryan\source\compareengine.mupen\mupen64plus-core\projects\visualstudio2013\debug\mpk_file.obj
e:\base\dev\git\soft64-bryan\source\compareengine.mupen\mupen64plus-core\projects\visualstudio2013\debug\profile.obj
e:\base\dev\git\soft64-bryan\source\compareengine.mupen\mupen64plus-core\projects\visualstudio2013\debug\rom.obj
e:\base\dev\git\soft64-bryan\source\compareengine.mupen\mupen64plus-core\projects\visualstudio2013\debug\sra_file.obj
e:\base\dev\git\soft64-bryan\source\compareengine.mupen\mupen64plus-core\projects\visualstudio2013\debug\util.obj
e:\base\dev\git\soft64-bryan\source\compareengine.mupen\mupen64plus-core\projects\visualstudio2013\debug\ioapi.obj
e:\base\dev\git\soft64-bryan\source\compareengine.mupen\mupen64plus-core\projects\visualstudio2013\debug\unzip.obj
e:\base\dev\git\soft64-bryan\source\compareengine.mupen\mupen64plus-core\projects\visualstudio2013\debug\ai_controller.obj
e:\base\dev\git\soft64-bryan\source\compareengine.mupen\mupen64plus-core\projects\visualstudio2013\debug\callbacks.obj
e:\base\dev\git\soft64-bryan\source\compareengine.mupen\mupen64plus-core\lib\mupen64plus.lib
e:\base\dev\git\soft64-bryan\source\compareengine.mupen\mupen64plus-core\projects\visualstudio2013\..\..\lib\mupen64plus.lib
e:\base\dev\git\soft64-bryan\source\compareengine.mupen\mupen64plus-core\projects\visualstudio2013\debug\mupen64plus-core.tlog\cl.command.1.tlog
e:\base\dev\git\soft64-bryan\source\compareengine.mupen\mupen64plus-core\projects\visualstudio2013\debug\mupen64plus-core.tlog\cl.read.1.tlog
e:\base\dev\git\soft64-bryan\source\compareengine.mupen\mupen64plus-core\projects\visualstudio2013\debug\mupen64plus-core.tlog\cl.write.1.tlog
e:\base\dev\git\soft64-bryan\source\compareengine.mupen\mupen64plus-core\projects\visualstudio2013\debug\mupen64plus-core.tlog\lib-link.read.1.tlog
e:\base\dev\git\soft64-bryan\source\compareengine.mupen\mupen64plus-core\projects\visualstudio2013\debug\mupen64plus-core.tlog\lib-link.write.1.tlog
e:\base\dev\git\soft64-bryan\source\compareengine.mupen\mupen64plus-core\projects\visualstudio2013\debug\mupen64plus-core.tlog\lib.command.1.tlog
