Build started 6/22/2015 2:28:43 PM.
     1>Project "E:\base\dev\git\Soft64-Bryan\Source\CompareEngine.Mupen\mupen64plus-core\projects\VisualStudio2013\mupen64plus-core.vcxproj" on node 4 (Rebuild target(s)).
     1>ClCompile:
         C:\Program Files (x86)\Microsoft Visual Studio 12.0\VC\bin\CL.exe /c /I..\..\src /I"..\..\..\zlib-1.2.3\include" /ZI /nologo /W3 /WX- /Od /Oy- /D WIN32 /D _DEBUG /D _WINDOWS /D _USRDLL /D _CRT_SECURE_NO_DEPRECATE /D M64P_OSD /D M64P_PARALLEL /D COMPARE_CORE /D DBG /D M64P_CORE_PROTOTYPES /D _MBCS /Gm /EHsc /RTC1 /MDd /GS /fp:precise /Zc:wchar_t /Zc:forScope /Fo"Debug\\" /Fd"Debug\vc120.pdb" /Gd /TC /analyze- /errorReport:prompt ..\..\src\ai\ai_controller.c ..\..\src\api\callbacks.c ..\..\src\api\common.c ..\..\src\api\config.c ..\..\src\api\debugger.c ..\..\src\api\frontend.c ..\..\src\debugger\dbg_breakpoints.c ..\..\src\debugger\dbg_debugger.c ..\..\src\debugger\dbg_decoder.c ..\..\src\debugger\dbg_memory.c ..\..\src\main\eep_file.c ..\..\src\main\fla_file.c ..\..\src\main\lirc.c ..\..\src\main\main.c ..\..\src\main\md5.c ..\..\src\main\mpk_file.c ..\..\src\main\profile.c ..\..\src\main\rom.c ..\..\src\main\sra_file.c ..\..\src\main\util.c ..\..\src\main\zip\ioapi.c ..\..\src\main\zip\unzip.c ..\..\src\main\zip\zip.c ..\..\src\memory\memory.c ..\..\src\osal\dynamiclib_win32.c ..\..\src\osal\files_win32.c ..\..\src\pi\cart_rom.c ..\..\src\pi\flashram.c ..\..\src\pi\pi_controller.c ..\..\src\pi\sram.c ..\..\src\plugin\dummy_audio.c ..\..\src\plugin\dummy_input.c ..\..\src\plugin\dummy_rsp.c ..\..\src\plugin\dummy_video.c ..\..\src\plugin\emulate_game_controller_via_input_plugin.c ..\..\src\plugin\emulate_speaker_via_audio_plugin.c ..\..\src\plugin\get_time_using_C_localtime.c ..\..\src\plugin\plugin.c ..\..\src\plugin\rumble_via_input_plugin.c ..\..\src\r4300\cached_interp.c ..\..\src\r4300\cp0.c ..\..\src\r4300\cp1.c ..\..\src\r4300\exception.c ..\..\src\r4300\instr_counters.c ..\..\src\r4300\interupt.c ..\..\src\r4300\mi_controller.c ..\..\src\r4300\pure_interp.c ..\..\src\r4300\r4300.c ..\..\src\r4300\r4300_core.c ..\..\src\r4300\recomp.c ..\..\src\r4300\reset.c ..\..\src\r4300\tlb.c ..\..\src\r4300\x86\assemble.c ..\..\src\r4300\x86\gbc.c ..\..\src\r4300\x86\gcop0.c ..\..\src\r4300\x86\gcop1.c ..\..\src\r4300\x86\gcop1_d.c ..\..\src\r4300\x86\gcop1_l.c ..\..\src\r4300\x86\gcop1_s.c ..\..\src\r4300\x86\gcop1_w.c ..\..\src\r4300\x86\gr4300.c ..\..\src\r4300\x86\gregimm.c ..\..\src\r4300\x86\gspecial.c ..\..\src\r4300\x86\gtlb.c ..\..\src\r4300\x86\regcache.c ..\..\src\r4300\x86\rjump.c ..\..\src\rdp\fb.c ..\..\src\rdp\rdp_core.c ..\..\src\ri\rdram.c ..\..\src\ri\rdram_detection_hack.c ..\..\src\ri\ri_controller.c ..\..\src\rsp\rsp_core.c ..\..\src\si\af_rtc.c ..\..\src\si\cic.c ..\..\src\si\eeprom.c ..\..\src\si\game_controller.c ..\..\src\si\mempak.c ..\..\src\si\n64_cic_nus_6105.c ..\..\src\si\pif.c ..\..\src\si\rumblepak.c ..\..\src\si\si_controller.c ..\..\src\vi\vi_controller.c
         vi_controller.c
         si_controller.c
         rumblepak.c
         pif.c
         n64_cic_nus_6105.c
         mempak.c
         game_controller.c
         eeprom.c
         cic.c
         af_rtc.c
         rsp_core.c
         ri_controller.c
         rdram_detection_hack.c
         rdram.c
         rdp_core.c
         fb.c
         rjump.c
         regcache.c
         gtlb.c
         gspecial.c
         Generating Code...
         Compiling...
         gregimm.c
         gr4300.c
         gcop1_w.c
         gcop1_s.c
         gcop1_l.c
         gcop1_d.c
         gcop1.c
         gcop0.c
         gbc.c
         assemble.c
         tlb.c
         reset.c
         recomp.c
     1>e:\base\dev\git\soft64-bryan\source\compareengine.mupen\mupen64plus-core\src\r4300\recomp.c(2429): warning C4018: '>=' : signed/unsigned mismatch
     1>e:\base\dev\git\soft64-bryan\source\compareengine.mupen\mupen64plus-core\src\r4300\recomp.c(2430): warning C4018: '>=' : signed/unsigned mismatch
     1>e:\base\dev\git\soft64-bryan\source\compareengine.mupen\mupen64plus-core\src\r4300\recomp.c(2438): warning C4018: '>=' : signed/unsigned mismatch
     1>e:\base\dev\git\soft64-bryan\source\compareengine.mupen\mupen64plus-core\src\r4300\recomp.c(2451): warning C4018: '>=' : signed/unsigned mismatch
     1>e:\base\dev\git\soft64-bryan\source\compareengine.mupen\mupen64plus-core\src\r4300\recomp.c(2463): warning C4018: '<' : signed/unsigned mismatch
         r4300_core.c
         r4300.c
         pure_interp.c
     1>c:\program files (x86)\microsoft visual studio 12.0\vc\include\math.h(289): warning C4005: 'isnan' : macro redefinition
                 e:\base\dev\git\soft64-bryan\source\compareengine.mupen\mupen64plus-core\src\osal\preproc.h(42) : see previous definition of 'isnan'
     1>e:\base\dev\git\soft64-bryan\source\compareengine.mupen\mupen64plus-core\src\r4300\fpu.h(46): warning C4005: 'isnan' : macro redefinition
                 c:\program files (x86)\microsoft visual studio 12.0\vc\include\math.h(289) : see previous definition of 'isnan'
         mi_controller.c
         interupt.c
         instr_counters.c
         exception.c
         Generating Code...
         Compiling...
         cp1.c
         cp0.c
         cached_interp.c
     1>c:\program files (x86)\microsoft visual studio 12.0\vc\include\math.h(289): warning C4005: 'isnan' : macro redefinition
                 e:\base\dev\git\soft64-bryan\source\compareengine.mupen\mupen64plus-core\src\osal\preproc.h(42) : see previous definition of 'isnan'
     1>e:\base\dev\git\soft64-bryan\source\compareengine.mupen\mupen64plus-core\src\r4300\fpu.h(46): warning C4005: 'isnan' : macro redefinition
                 c:\program files (x86)\microsoft visual studio 12.0\vc\include\math.h(289) : see previous definition of 'isnan'
         rumble_via_input_plugin.c
         plugin.c
         get_time_using_C_localtime.c
         emulate_speaker_via_audio_plugin.c
         emulate_game_controller_via_input_plugin.c
         dummy_video.c
         dummy_rsp.c
         dummy_input.c
         dummy_audio.c
         sram.c
         pi_controller.c
         flashram.c
         cart_rom.c
         files_win32.c
         dynamiclib_win32.c
         memory.c
     1>e:\base\dev\git\soft64-bryan\source\compareengine.mupen\mupen64plus-core\src\memory\memory.c(1047): warning C4098: 'writememb_with_bp_checks' : 'void' function returning a value
     1>e:\base\dev\git\soft64-bryan\source\compareengine.mupen\mupen64plus-core\src\memory\memory.c(1055): warning C4098: 'writememh_with_bp_checks' : 'void' function returning a value
     1>e:\base\dev\git\soft64-bryan\source\compareengine.mupen\mupen64plus-core\src\memory\memory.c(1063): warning C4098: 'writemem_with_bp_checks' : 'void' function returning a value
     1>e:\base\dev\git\soft64-bryan\source\compareengine.mupen\mupen64plus-core\src\memory\memory.c(1071): warning C4098: 'writememd_with_bp_checks' : 'void' function returning a value
         zip.c
         Generating Code...
         Compiling...
         unzip.c
         ioapi.c
         util.c
         sra_file.c
         rom.c
         profile.c
         mpk_file.c
         md5.c
         main.c
         lirc.c
         fla_file.c
         eep_file.c
         dbg_memory.c
         dbg_decoder.c
         dbg_debugger.c
         dbg_breakpoints.c
         frontend.c
         debugger.c
         config.c
         common.c
         Generating Code...
         Compiling...
         callbacks.c
         ai_controller.c
         Generating Code...
       Lib:
         C:\Program Files (x86)\Microsoft Visual Studio 12.0\VC\bin\Lib.exe /OUT:"..\..\lib\mupen64plus.lib" /NOLOGO Debug\ai_controller.obj
         Debug\callbacks.obj
         Debug\common.obj
         Debug\config.obj
         Debug\debugger.obj
         Debug\frontend.obj
         Debug\dbg_breakpoints.obj
         Debug\dbg_debugger.obj
         Debug\dbg_decoder.obj
         Debug\dbg_memory.obj
         Debug\eep_file.obj
         Debug\fla_file.obj
         Debug\lirc.obj
         Debug\main.obj
         Debug\md5.obj
         Debug\mpk_file.obj
         Debug\profile.obj
         Debug\rom.obj
         Debug\sra_file.obj
         Debug\util.obj
         Debug\ioapi.obj
         Debug\unzip.obj
         Debug\zip.obj
         Debug\memory.obj
         Debug\dynamiclib_win32.obj
         Debug\files_win32.obj
         Debug\cart_rom.obj
         Debug\flashram.obj
         Debug\pi_controller.obj
         Debug\sram.obj
         Debug\dummy_audio.obj
         Debug\dummy_input.obj
         Debug\dummy_rsp.obj
         Debug\dummy_video.obj
         Debug\emulate_game_controller_via_input_plugin.obj
         Debug\emulate_speaker_via_audio_plugin.obj
         Debug\get_time_using_C_localtime.obj
         Debug\plugin.obj
         Debug\rumble_via_input_plugin.obj
         Debug\cached_interp.obj
         Debug\cp0.obj
         Debug\cp1.obj
         Debug\exception.obj
         Debug\instr_counters.obj
         Debug\interupt.obj
         Debug\mi_controller.obj
         Debug\pure_interp.obj
         Debug\r4300.obj
         Debug\r4300_core.obj
         Debug\recomp.obj
         Debug\reset.obj
         Debug\tlb.obj
         Debug\assemble.obj
         Debug\gbc.obj
         Debug\gcop0.obj
         Debug\gcop1.obj
         Debug\gcop1_d.obj
         Debug\gcop1_l.obj
         Debug\gcop1_s.obj
         Debug\gcop1_w.obj
         Debug\gr4300.obj
         Debug\gregimm.obj
         Debug\gspecial.obj
         Debug\gtlb.obj
         Debug\regcache.obj
         Debug\rjump.obj
         Debug\fb.obj
         Debug\rdp_core.obj
         Debug\rdram.obj
         Debug\rdram_detection_hack.obj
         Debug\ri_controller.obj
         Debug\rsp_core.obj
         Debug\af_rtc.obj
         Debug\cic.obj
         Debug\eeprom.obj
         Debug\game_controller.obj
         Debug\mempak.obj
         Debug\n64_cic_nus_6105.obj
         Debug\pif.obj
         Debug\rumblepak.obj
         Debug\si_controller.obj
         Debug\vi_controller.obj
         mupen64plus-core.vcxproj -> E:\base\dev\git\Soft64-Bryan\Source\CompareEngine.Mupen\mupen64plus-core\projects\VisualStudio2013\..\..\lib\mupen64plus.lib
     1>Done Building Project "E:\base\dev\git\Soft64-Bryan\Source\CompareEngine.Mupen\mupen64plus-core\projects\VisualStudio2013\mupen64plus-core.vcxproj" (Rebuild target(s)).

Build succeeded.

Time Elapsed 00:00:22.43
