Build started 6/22/2015 2:28:32 PM.
     1>Project "E:\base\dev\git\Soft64-Bryan\Source\CompareEngine.Mupen\mupen64plus-core\projects\VisualStudio2013\mupen64plus-core.vcxproj" on node 2 (Rebuild target(s)).
     1>ClCompile:
         C:\Program Files (x86)\Microsoft Visual Studio 12.0\VC\bin\CL.exe /c /I..\..\src /I"..\..\..\mupen64plus-win32-deps\SDL-1.2.14\include" /I"..\..\..\mupen64plus-win32-deps\zlib-1.2.3\include" /I"..\..\..\mupen64plus-win32-deps\libpng-1.2.37\include" /I"..\..\..\mupen64plus-win32-deps\freetype-2.3.5-1\include" /Zi /nologo /W3 /WX- /O2 /Oy- /GL /D WIN32 /D NDEBUG /D _WINDOWS /D _USRDLL /D _CRT_SECURE_NO_DEPRECATE /D DYNAREC /D M64P_OSD /D M64P_PARALLEL /D _WINDLL /D _MBCS /Gm- /EHsc /MD /GS /fp:precise /Zc:wchar_t /Zc:forScope /Fo"Release\\" /Fd"Release\vc120.pdb" /Gd /TC /analyze- /errorReport:prompt ..\..\src\ai\ai_controller.c ..\..\src\api\callbacks.c ..\..\src\api\common.c ..\..\src\api\config.c ..\..\src\api\debugger.c ..\..\src\api\frontend.c ..\..\src\debugger\dbg_breakpoints.c ..\..\src\debugger\dbg_debugger.c ..\..\src\debugger\dbg_decoder.c ..\..\src\debugger\dbg_memory.c ..\..\src\main\eep_file.c ..\..\src\main\fla_file.c ..\..\src\main\lirc.c ..\..\src\main\main.c ..\..\src\main\md5.c ..\..\src\main\mpk_file.c ..\..\src\main\profile.c ..\..\src\main\rom.c ..\..\src\main\sra_file.c ..\..\src\main\util.c ..\..\src\main\zip\ioapi.c ..\..\src\main\zip\unzip.c ..\..\src\main\zip\zip.c ..\..\src\memory\memory.c ..\..\src\osal\dynamiclib_win32.c ..\..\src\osal\files_win32.c ..\..\src\pi\cart_rom.c ..\..\src\pi\flashram.c ..\..\src\pi\pi_controller.c ..\..\src\pi\sram.c ..\..\src\plugin\dummy_audio.c ..\..\src\plugin\dummy_input.c ..\..\src\plugin\dummy_rsp.c ..\..\src\plugin\dummy_video.c ..\..\src\plugin\emulate_game_controller_via_input_plugin.c ..\..\src\plugin\emulate_speaker_via_audio_plugin.c ..\..\src\plugin\get_time_using_C_localtime.c ..\..\src\plugin\plugin.c ..\..\src\plugin\rumble_via_input_plugin.c ..\..\src\r4300\cached_interp.c ..\..\src\r4300\cp0.c ..\..\src\r4300\cp1.c ..\..\src\r4300\exception.c ..\..\src\r4300\instr_counters.c ..\..\src\r4300\interupt.c ..\..\src\r4300\mi_controller.c ..\..\src\r4300\pure_interp.c ..\..\src\r4300\r4300.c ..\..\src\r4300\r4300_core.c ..\..\src\r4300\recomp.c ..\..\src\r4300\reset.c ..\..\src\r4300\tlb.c ..\..\src\r4300\x86\assemble.c ..\..\src\r4300\x86\gbc.c ..\..\src\r4300\x86\gcop0.c ..\..\src\r4300\x86\gcop1.c ..\..\src\r4300\x86\gcop1_d.c ..\..\src\r4300\x86\gcop1_l.c ..\..\src\r4300\x86\gcop1_s.c ..\..\src\r4300\x86\gcop1_w.c ..\..\src\r4300\x86\gr4300.c ..\..\src\r4300\x86\gregimm.c ..\..\src\r4300\x86\gspecial.c ..\..\src\r4300\x86\gtlb.c ..\..\src\r4300\x86\regcache.c ..\..\src\r4300\x86\rjump.c ..\..\src\rdp\fb.c ..\..\src\rdp\rdp_core.c ..\..\src\ri\rdram.c ..\..\src\ri\rdram_detection_hack.c ..\..\src\ri\ri_controller.c ..\..\src\rsp\rsp_core.c ..\..\src\si\af_rtc.c ..\..\src\si\cic.c ..\..\src\si\eeprom.c ..\..\src\si\game_controller.c ..\..\src\si\mempak.c ..\..\src\si\n64_cic_nus_6105.c ..\..\src\si\pif.c ..\..\src\si\rumblepak.c ..\..\src\si\si_controller.c ..\..\src\vi\vi_controller.c
         ai_controller.c
         callbacks.c
         common.c
         config.c
         debugger.c
         frontend.c
         dbg_breakpoints.c
         dbg_debugger.c
         dbg_decoder.c
         dbg_memory.c
         eep_file.c
         fla_file.c
         lirc.c
         main.c
         md5.c
         mpk_file.c
         profile.c
         rom.c
         sra_file.c
         util.c
         Compiling...
         ioapi.c
     1>e:\base\dev\git\soft64-bryan\source\compareengine.mupen\mupen64plus-core\src\main\zip\ioapi.h(47): fatal error C1083: Cannot open include file: 'zlib.h': No such file or directory
         unzip.c
     1>e:\base\dev\git\soft64-bryan\source\compareengine.mupen\mupen64plus-core\src\main\zip\unzip.h(51): fatal error C1083: Cannot open include file: 'zlib.h': No such file or directory
         zip.c
     1>e:\base\dev\git\soft64-bryan\source\compareengine.mupen\mupen64plus-core\src\main\zip\zip.h(50): fatal error C1083: Cannot open include file: 'zlib.h': No such file or directory
         memory.c
         dynamiclib_win32.c
         files_win32.c
     1>Done Building Project "E:\base\dev\git\Soft64-Bryan\Source\CompareEngine.Mupen\mupen64plus-core\projects\VisualStudio2013\mupen64plus-core.vcxproj" (Rebuild target(s)) -- FAILED.

Build FAILED.

Time Elapsed 00:00:06.39
